[2016-03-24 17:37:28] START
[2016-03-24 17:43:01] EDIT Cooking/models/db.py: 20
[2016-03-24 17:48:42] EDIT Cooking/controllers/default.py: -6
[2016-03-24 17:50:26] EDIT Cooking/controllers/default.py: 9
[2016-03-24 17:50:52] EDIT Cooking/controllers/default.py: 0
[2016-03-24 17:51:11] CREATE default/homepage.html: 0
[2016-03-24 17:51:34] EDIT Cooking/views/default/homepage.html: 4
[2016-03-24 17:58:54] EDIT Cooking/views/default/homepage.html: 4
[2016-03-24 18:43:43] EDIT Cooking/views/default/homepage.html: 0
[2016-03-24 18:51:34] EDIT Cooking/views/default/homepage.html: 0
[2016-03-24 18:51:52] EDIT Cooking/views/default/homepage.html: 0
[2016-03-24 18:52:15] EDIT Cooking/views/default/homepage.html: 0
[2016-03-24 18:54:57] EDIT Cooking/views/default/homepage.html: 0
[2016-03-24 19:06:48] EDIT Cooking/controllers/default.py: 1
[2016-03-24 19:18:55] EDIT Cooking/controllers/default.py: 4
[2016-03-25 14:49:57] EDIT Cooking/controllers/default.py: 0
[2016-03-25 14:50:11] EDIT Cooking/controllers/default.py: -1
[2016-03-25 14:50:27] CREATE default/uploadpage.html: 0
[2016-03-25 14:50:38] EDIT Cooking/views/default/uploadpage.html: -1
[2016-03-25 14:52:31] EDIT Cooking/models/db.py: 1
[2016-03-25 14:52:57] EDIT Cooking/models/db.py: 1
[2016-03-25 14:55:08] EDIT Cooking/models/db.py: 1
[2016-03-25 14:55:15] EDIT Cooking/models/db.py: 0
[2016-03-25 14:55:54] EDIT Cooking/controllers/default.py: 0
[2016-03-25 14:56:39] EDIT Cooking/controllers/default.py: 0
[2016-03-25 14:57:34] EDIT Cooking/controllers/default.py: 0
[2016-03-25 14:57:43] EDIT Cooking/controllers/default.py: 0
[2016-03-25 15:04:00] EDIT Cooking/models/db.py: 0
[2016-03-25 15:04:11] EDIT Cooking/models/db.py: 0
[2016-03-25 15:04:44] EDIT Cooking/models/db.py: 0
[2016-03-25 15:09:22] EDIT Cooking/models/db.py: 1
[2016-03-25 15:12:03] EDIT Cooking/views/default/homepage.html: 0
[2016-03-25 15:14:03] EDIT Cooking/views/default/homepage.html: 0
[2016-03-25 15:17:02] EDIT Cooking/controllers/default.py: 7
[2016-03-25 15:17:32] CREATE default/show.html: 0
[2016-03-25 15:18:15] EDIT Cooking/views/default/show.html: 13
[2016-03-25 15:18:51] EDIT Cooking/views/default/show.html: 0
[2016-03-25 15:19:58] EDIT Cooking/controllers/default.py: 0
[2016-03-25 15:20:20] EDIT Cooking/controllers/default.py: 0
[2016-03-25 15:21:48] EDIT Cooking/views/default/show.html: 2
[2016-03-25 15:29:06] EDIT Cooking/views/default/show.html: 2
[2016-03-25 15:31:27] EDIT Cooking/views/default/show.html: 0
[2016-03-25 15:32:18] EDIT Cooking/views/default/show.html: 0
[2016-03-25 15:34:05] EDIT Cooking/views/default/show.html: 0
[2016-03-25 15:35:10] EDIT Cooking/views/default/show.html: -1
[2016-03-25 15:38:47] EDIT Cooking/views/default/show.html: 0
[2016-03-25 15:39:27] EDIT Cooking/views/default/show.html: 0
[2016-03-25 15:44:13] EDIT Cooking/views/default/show.html: 1
[2016-03-25 15:44:27] EDIT Cooking/views/default/show.html: 0
[2016-03-25 15:46:31] EDIT Cooking/views/default/show.html: 0
[2016-03-25 15:51:09] EDIT Cooking/views/default/show.html: 4
[2016-03-25 15:53:24] EDIT Cooking/views/default/show.html: 0
[2016-03-25 15:59:42] EDIT Cooking/views/default/show.html: 0
[2016-03-25 16:06:37] EDIT Cooking/views/default/show.html: 1
[2016-03-25 16:07:03] EDIT Cooking/views/default/show.html: 0
[2016-03-25 16:11:04] EDIT Cooking/views/default/show.html: 0
[2016-03-25 16:11:41] EDIT Cooking/views/default/show.html: 0
[2016-03-25 16:23:48] EDIT Cooking/models/db.py: 0
[2016-03-25 16:26:29] EDIT Cooking/models/db.py: 0
[2016-03-25 16:26:44] EDIT Cooking/models/db.py: 0
[2016-03-25 16:28:07] EDIT Cooking/models/db.py: 2
[2016-03-25 16:28:50] EDIT Cooking/models/db.py: 0
[2016-03-25 16:30:49] EDIT Cooking/models/db.py: 0
[2016-03-25 16:33:48] EDIT Cooking/models/db.py: 0
[2016-03-25 16:38:28] EDIT Cooking/models/db.py: 0
[2016-03-25 16:40:07] EDIT Cooking/models/db.py: 0
[2016-03-25 16:41:57] EDIT Cooking/models/db.py: 0
[2016-03-25 16:42:14] EDIT Cooking/models/db.py: 0
[2016-03-25 16:43:12] EDIT Cooking/models/db.py: 0
[2016-03-25 16:44:00] EDIT Cooking/models/db.py: 0
[2016-03-25 16:45:06] EDIT Cooking/models/db.py: 2
[2016-03-25 16:46:20] EDIT Cooking/models/db.py: 0
[2016-03-25 16:46:46] EDIT Cooking/models/db.py: 0
[2016-03-25 16:47:11] EDIT Cooking/models/db.py: 0
[2016-03-25 16:47:59] EDIT Cooking/views/default/show.html: 1
[2016-03-25 16:49:00] EDIT Cooking/models/db.py: 0
[2016-03-25 16:52:48] EDIT Cooking/controllers/default.py: 2
[2016-03-25 17:46:04] EDIT Cooking/models/db.py: 1
[2016-03-25 17:53:33] EDIT Cooking/models/db.py: 0
[2016-03-25 17:55:07] EDIT Cooking/controllers/default.py: -2
[2016-03-25 17:55:32] EDIT Cooking/controllers/default.py: 1
[2016-03-25 17:55:50] EDIT Cooking/controllers/default.py: -1
[2016-03-25 17:57:41] EDIT Cooking/controllers/default.py: 1
[2016-03-25 17:59:44] EDIT Cooking/controllers/default.py: -1
[2016-03-25 18:03:31] EDIT Cooking/models/db.py: -2
[2016-03-25 18:03:47] EDIT Cooking/models/db.py: -1
[2016-03-25 18:04:27] EDIT Cooking/models/db.py: -6
[2016-03-25 18:04:48] EDIT Cooking/models/db.py: 9
[2016-03-25 18:24:43] EDIT Cooking/models/menu.py: 1
[2016-03-25 18:25:20] EDIT Cooking/models/menu.py: -1
[2016-03-25 18:26:03] EDIT Cooking/views/default/index.html: -12
[2016-03-25 18:27:07] EDIT Cooking/views/default/index.html: -5
[2016-03-25 18:29:05] EDIT Cooking/views/default/index.html: 0
[2016-03-25 18:29:22] EDIT Cooking/views/default/index.html: -11
[2016-03-25 18:29:31] EDIT Cooking/views/default/index.html: 11
[2016-03-25 18:41:33] EDIT Cooking/controllers/default.py: 7
[2016-03-25 18:42:15] EDIT Cooking/controllers/default.py: 0
[2016-03-25 18:42:37] EDIT Cooking/controllers/default.py: 0
[2016-03-25 18:42:51] EDIT Cooking/controllers/default.py: 0
[2016-03-25 18:43:08] EDIT Cooking/controllers/default.py: 0
[2016-03-25 18:43:28] EDIT Cooking/controllers/default.py: 0
[2016-03-25 18:45:20] EDIT Cooking/controllers/default.py: 0
[2016-03-25 18:52:07] EDIT Cooking/views/default/homepage.html: 8
[2016-03-25 18:52:28] EDIT Cooking/views/default/homepage.html: 0
[2016-03-25 18:53:34] EDIT Cooking/views/default/homepage.html: 0
[2016-03-25 18:53:51] EDIT Cooking/controllers/default.py: 0
[2016-03-25 18:54:28] EDIT Cooking/views/default/homepage.html: 0
[2016-03-25 18:54:57] EDIT Cooking/views/default/homepage.html: 0
[2016-03-25 18:57:24] EDIT Cooking/views/default/homepage.html: 10
[2016-03-25 18:59:23] EDIT Cooking/controllers/default.py: 0
[2016-03-25 19:02:00] EDIT Cooking/controllers/default.py: 0
[2016-03-25 19:02:15] EDIT Cooking/views/default/homepage.html: 0
[2016-03-25 19:03:42] EDIT Cooking/views/default/homepage.html: 0
[2016-03-25 19:06:53] EDIT Cooking/controllers/default.py: 0
[2016-03-25 19:07:12] EDIT Cooking/controllers/default.py: 0
[2016-03-25 19:07:19] EDIT Cooking/controllers/default.py: -1
[2016-03-25 19:08:26] EDIT Cooking/views/default/homepage.html: -18
[2016-03-25 19:08:46] EDIT Cooking/views/default/homepage.html: 1
[2016-03-25 19:09:06] EDIT Cooking/controllers/default.py: 0
[2016-03-25 19:09:24] EDIT Cooking/controllers/default.py: 0
[2016-03-25 19:13:16] EDIT Cooking/views/default/homepage.html: 0
[2016-03-25 19:13:44] EDIT Cooking/controllers/default.py: 0
[2016-03-25 19:13:48] EDIT Cooking/controllers/default.py: 0
[2016-03-25 19:14:00] EDIT Cooking/controllers/default.py: 0
[2016-03-25 19:15:12] EDIT Cooking/views/default/homepage.html: 1
[2016-03-25 19:34:09] EDIT Cooking/controllers/default.py: 1
[2016-03-25 19:34:29] EDIT Cooking/controllers/default.py: 0
[2016-03-25 19:52:35] EDIT Cooking/controllers/default.py: 9
[2016-03-25 19:52:58] CREATE default/myrecipes.html: 0
[2016-03-25 19:53:10] EDIT Cooking/views/default/myrecipes.html: 10
[2016-03-25 19:53:54] EDIT Cooking/models/menu.py: 1
[2016-03-25 20:03:45] EDIT Cooking/controllers/default.py: 0
[2016-03-26 15:57:11] EDIT Cooking/models/db.py: 0
[2016-03-26 15:57:33] EDIT Cooking/models/db.py: 0
[2016-03-26 15:58:08] EDIT Cooking/models/db.py: 1
[2016-03-26 15:58:22] EDIT Cooking/models/db.py: -1
[2016-03-26 15:58:46] EDIT Cooking/models/db.py: -3
[2016-03-26 15:59:08] EDIT Cooking/models/db.py: 0
[2016-03-26 16:03:14] EDIT Cooking/controllers/default.py: 1
[2016-03-26 16:04:23] EDIT Cooking/controllers/default.py: 3
[2016-03-26 16:05:33] EDIT Cooking/models/db.py: 0
[2016-03-26 16:06:29] EDIT Cooking/models/db.py: 5
[2016-03-26 16:09:21] EDIT Cooking/models/db.py: -2
[2016-03-26 16:12:01] EDIT Cooking/models/db.py: 1
[2016-03-26 16:13:20] EDIT Cooking/models/db.py: -1
[2016-03-26 16:14:14] EDIT Cooking/models/db.py: 0
[2016-03-26 16:15:26] EDIT Cooking/models/db.py: 0
[2016-03-26 16:19:53] EDIT Cooking/controllers/default.py: 2
[2016-03-26 16:19:59] EDIT Cooking/controllers/default.py: 0
[2016-03-26 16:20:05] EDIT Cooking/controllers/default.py: 0
[2016-03-26 16:20:44] EDIT Cooking/models/db.py: 1
[2016-03-26 16:20:54] EDIT Cooking/controllers/default.py: 0
[2016-03-26 16:21:30] EDIT Cooking/controllers/default.py: 0
[2016-03-26 16:22:03] EDIT Cooking/controllers/default.py: 0
[2016-03-26 16:22:43] EDIT Cooking/controllers/default.py: 0
[2016-03-26 16:23:07] EDIT Cooking/controllers/default.py: 0
[2016-03-26 16:25:00] EDIT Cooking/controllers/default.py: 0
[2016-03-26 16:26:22] EDIT Cooking/models/db.py: -3
[2016-03-26 16:30:51] EDIT Cooking/models/db.py: 0
[2016-03-26 16:31:22] EDIT Cooking/models/db.py: 0
[2016-03-26 16:32:38] EDIT Cooking/controllers/default.py: 0
[2016-03-26 16:33:46] EDIT Cooking/controllers/default.py: -3
[2016-03-26 16:35:17] EDIT Cooking/controllers/default.py: 0
[2016-03-26 16:35:58] EDIT Cooking/models/db.py: 0
[2016-03-26 16:38:52] EDIT Cooking/models/db.py: 1
[2016-03-26 16:39:17] EDIT Cooking/models/db.py: 0
[2016-03-26 16:40:03] EDIT Cooking/controllers/default.py: 3
[2016-03-26 16:46:11] EDIT Cooking/models/db.py: 2
[2016-03-26 16:46:17] EDIT Cooking/models/db.py: 0
[2016-03-26 16:48:35] EDIT Cooking/models/db.py: 0
[2016-03-26 16:52:10] EDIT Cooking/models/db.py: -1
[2016-03-26 16:53:18] EDIT Cooking/models/db.py: 0
[2016-03-26 16:53:41] EDIT Cooking/models/db.py: -2
[2016-03-26 16:54:04] EDIT Cooking/controllers/default.py: -2
[2016-03-26 16:54:11] EDIT Cooking/models/db.py: -1
[2016-03-26 16:55:43] EDIT Cooking/models/db.py: 4
[2016-03-26 16:55:47] EDIT Cooking/models/db.py: 0
[2016-03-26 16:56:07] EDIT Cooking/models/db.py: 0
[2016-03-26 16:57:01] EDIT Cooking/models/db.py: -3
[2016-03-26 16:57:49] EDIT Cooking/models/db.py: 2
[2016-03-26 16:58:40] EDIT Cooking/models/db.py: 0
[2016-03-26 17:00:57] EDIT Cooking/models/db.py: -2
[2016-03-26 17:01:35] EDIT Cooking/views/default/index.html: 0
[2016-03-26 17:03:33] EDIT Cooking/models/db.py: 0
[2016-03-26 17:03:38] EDIT Cooking/models/db.py: 0
[2016-03-26 17:11:40] EDIT Cooking/views/default/show.html: 0
[2016-03-26 17:16:29] EDIT Cooking/views/default/show.html: 1
[2016-03-26 17:16:46] EDIT Cooking/views/default/show.html: -1
[2016-03-26 18:25:21] EDIT Cooking/models/menu.py: 0
[2016-03-26 18:27:56] EDIT Cooking/models/db.py: 1
[2016-03-26 18:32:35] EDIT Cooking/models/db.py: 1
[2016-03-26 18:36:58] EDIT Cooking/views/default/show.html: 5
[2016-03-26 18:37:30] EDIT Cooking/views/default/show.html: 1
[2016-03-26 18:37:45] EDIT Cooking/views/default/show.html: 0
[2016-03-26 18:38:17] EDIT Cooking/views/default/show.html: 1
[2016-03-26 18:39:16] EDIT Cooking/views/default/show.html: 0
[2016-03-26 18:39:30] EDIT Cooking/models/db.py: 0
[2016-03-26 18:39:47] EDIT Cooking/views/default/homepage.html: 0
[2016-03-26 18:40:20] EDIT Cooking/views/default/myrecipes.html: 0
[2016-03-26 18:41:15] EDIT Cooking/models/db.py: 0
[2016-03-26 18:41:20] EDIT Cooking/views/default/show.html: 0
[2016-03-26 18:41:25] EDIT Cooking/views/default/homepage.html: 0
[2016-03-26 18:41:29] EDIT Cooking/views/default/myrecipes.html: 0
[2016-03-26 18:41:46] EDIT Cooking/models/db.py: 0
[2016-03-26 19:03:39] EDIT Cooking/controllers/default.py: 10
[2016-03-26 19:04:10] EDIT Cooking/models/db.py: 0
[2016-03-26 19:04:40] EDIT Cooking/controllers/default.py: 0
[2016-03-26 19:04:44] EDIT Cooking/controllers/default.py: 0
[2016-03-26 19:06:33] EDIT Cooking/controllers/default.py: 0
[2016-03-26 19:14:10] EDIT Cooking/controllers/default.py: 0
[2016-03-26 19:16:54] EDIT Cooking/controllers/default.py: -9
[2016-03-26 19:17:20] EDIT Cooking/controllers/default.py: 9
[2016-03-26 19:22:15] EDIT Cooking/controllers/default.py: -10
[2016-03-26 19:41:16] EDIT Cooking/models/db.py: 3
[2016-03-26 19:41:20] EDIT Cooking/models/db.py: 0
[2016-03-26 19:41:23] EDIT Cooking/models/db.py: 0
[2016-03-26 19:41:37] EDIT Cooking/models/db.py: 0
[2016-03-26 19:42:07] EDIT Cooking/models/db.py: 0
[2016-03-26 19:42:22] EDIT Cooking/models/db.py: 0
[2016-03-26 19:42:53] EDIT Cooking/models/db.py: -3
[2016-03-26 19:44:31] EDIT Cooking/views/default/show.html: 0
[2016-03-26 19:45:00] EDIT Cooking/views/default/show.html: 0
[2016-03-26 19:45:13] EDIT Cooking/views/default/show.html: 0
[2016-03-26 19:46:31] EDIT Cooking/controllers/default.py: 9
[2016-03-26 19:46:41] EDIT Cooking/controllers/default.py: 0
[2016-03-26 19:47:15] EDIT Cooking/controllers/default.py: 1
[2016-03-26 20:03:05] EDIT Cooking/views/default/show.html: 0
[2016-03-26 20:03:22] EDIT Cooking/views/default/show.html: 0
[2016-03-26 20:16:07] EDIT Cooking/models/db.py: 14
[2016-03-26 20:16:36] EDIT Cooking/models/db.py: 8
[2016-03-26 20:17:19] EDIT Cooking/models/db.py: -2
[2016-03-26 20:18:33] EDIT Cooking/models/db.py: -1
[2016-03-26 20:19:29] EDIT Cooking/models/db.py: 0
[2016-03-26 20:19:49] EDIT Cooking/models/db.py: 0
[2016-03-26 20:25:23] EDIT Cooking/controllers/default.py: 0
[2016-03-26 20:25:43] EDIT Cooking/controllers/default.py: 0
[2016-03-26 20:26:12] EDIT Cooking/views/default/homepage.html: 2
[2016-03-26 20:26:42] EDIT Cooking/views/default/homepage.html: 2
[2016-03-26 20:26:53] EDIT Cooking/views/default/homepage.html: 0
[2016-03-26 20:28:40] EDIT Cooking/views/default/myrecipes.html: 4
[2016-03-26 20:29:00] EDIT Cooking/views/default/myrecipes.html: 1
[2016-03-26 20:29:52] EDIT Cooking/views/default/myrecipes.html: -1
[2016-03-26 20:30:09] EDIT Cooking/views/default/homepage.html: -1
[2016-03-26 20:30:16] EDIT Cooking/views/default/homepage.html: 0
[2016-03-26 20:30:36] EDIT Cooking/views/default/homepage.html: 1
[2016-03-26 22:20:38] EDIT Cooking/models/db.py: 0
[2016-03-26 22:26:29] EDIT Cooking/views/default/index.html: 0
[2016-03-26 22:26:56] EDIT Cooking/views/default/index.html: 0
[2016-03-26 22:27:17] EDIT Cooking/views/default/index.html: 0
[2016-03-26 22:27:27] EDIT Cooking/views/default/index.html: 0
[2016-03-26 22:29:53] EDIT Cooking/views/default/index.html: 0
[2016-03-26 22:30:17] EDIT Cooking/views/default/index.html: 0
[2016-03-26 22:30:40] EDIT Cooking/views/default/index.html: 0
[2016-03-26 22:31:37] EDIT Cooking/views/default/myrecipes.html: 0
[2016-03-26 22:31:50] EDIT Cooking/views/default/myrecipes.html: 0
[2016-03-26 22:39:00] EDIT Cooking/controllers/default.py: 0
[2016-03-26 22:39:21] EDIT Cooking/controllers/default.py: 12
[2016-03-26 22:39:57] EDIT Cooking/controllers/default.py: -1
[2016-03-26 22:41:28] EDIT Cooking/controllers/default.py: 0
[2016-03-26 22:41:56] EDIT Cooking/controllers/default.py: 1
[2016-03-26 22:42:06] EDIT Cooking/controllers/default.py: -1
[2016-03-26 22:43:20] EDIT Cooking/controllers/default.py: -10
[2016-03-26 23:16:08] EDIT Cooking/models/db.py: 0
[2016-03-27 14:21:03] EDIT Cooking/models/db.py: 0
[2016-03-27 14:27:34] EDIT Cooking/controllers/default.py: 3
[2016-03-27 14:35:30] EDIT Cooking/controllers/default.py: 0
[2016-03-27 14:36:16] EDIT Cooking/controllers/default.py: 0
[2016-03-27 14:37:47] EDIT Cooking/controllers/default.py: 0
[2016-03-27 14:37:57] EDIT Cooking/controllers/default.py: 0
[2016-03-27 14:39:43] EDIT Cooking/controllers/default.py: 0
[2016-03-27 14:47:29] EDIT Cooking/models/menu.py: 1
[2016-03-27 14:47:38] EDIT Cooking/models/menu.py: 0
[2016-03-27 14:48:19] EDIT Cooking/views/default/uploadpage.html: 1
[2016-03-27 14:48:33] EDIT Cooking/views/default/homepage.html: 0
[2016-03-27 14:48:50] EDIT Cooking/views/default/myrecipes.html: 0
[2016-03-27 14:49:53] EDIT Cooking/models/db.py: 0
[2016-03-27 14:50:07] EDIT Cooking/models/db.py: 0
[2016-03-27 15:04:41] EDIT Cooking/views/default/homepage.html: 1
[2016-03-27 15:05:30] EDIT Cooking/views/default/homepage.html: 0
[2016-03-27 15:05:33] EDIT Cooking/views/default/homepage.html: 0
[2016-03-27 15:22:28] EDIT Cooking/models/db.py: 0
[2016-03-27 15:29:01] EDIT Cooking/views/default/show.html: 2
[2016-03-27 15:30:25] EDIT Cooking/controllers/default.py: 5
[2016-03-27 15:31:22] EDIT Cooking/views/default/show.html: 0
[2016-03-27 15:31:53] EDIT Cooking/views/default/show.html: 0
[2016-03-27 15:32:24] EDIT Cooking/views/default/show.html: 0
[2016-03-27 15:36:23] EDIT Cooking/views/default/show.html: 3
[2016-03-27 15:37:18] EDIT Cooking/views/default/show.html: 0
[2016-03-27 15:37:44] EDIT Cooking/views/default/show.html: 0
[2016-03-27 15:38:13] EDIT Cooking/views/default/show.html: 1
[2016-03-27 15:46:27] EDIT Cooking/controllers/default.py: -11
[2016-03-27 15:50:25] EDIT Cooking/views/default/index.html: 0
[2016-03-27 15:56:16] EDIT Cooking/views/default/show.html: 0
[2016-03-27 15:56:52] EDIT Cooking/views/default/show.html: 0
[2016-03-27 15:57:26] EDIT Cooking/views/default/show.html: 0
[2016-03-27 15:57:32] EDIT Cooking/views/default/show.html: 0
[2016-03-27 15:58:13] EDIT Cooking/controllers/default.py: 0
[2016-03-27 16:00:17] EDIT Cooking/controllers/default.py: 0
[2016-03-27 16:01:01] EDIT Cooking/controllers/default.py: 1
[2016-03-27 16:01:25] EDIT Cooking/controllers/default.py: 1
[2016-03-27 16:01:31] EDIT Cooking/controllers/default.py: -5
[2016-03-27 16:01:43] EDIT Cooking/controllers/default.py: 4
[2016-03-27 16:02:46] EDIT Cooking/views/default/show.html: -7
[2016-03-27 16:07:09] EDIT Cooking/views/default/show.html: 1
[2016-03-27 16:12:36] EDIT Cooking/controllers/default.py: 0
[2016-03-27 16:13:12] EDIT Cooking/controllers/default.py: 0
[2016-03-27 16:13:24] EDIT Cooking/controllers/default.py: 0
[2016-03-27 16:13:38] EDIT Cooking/controllers/default.py: 0
[2016-03-27 16:17:29] EDIT Cooking/models/db.py: 0
[2016-03-27 16:17:42] EDIT Cooking/models/db.py: 0
[2016-03-27 16:18:01] EDIT Cooking/models/db.py: 0
[2016-03-27 16:19:53] EDIT Cooking/models/db.py: 0
[2016-03-27 16:21:48] EDIT Cooking/controllers/default.py: 1
[2016-03-27 16:21:58] EDIT Cooking/controllers/default.py: 0
[2016-03-27 16:22:10] EDIT Cooking/controllers/default.py: 0
[2016-03-27 16:31:41] EDIT Cooking/views/default/homepage.html: 0
[2016-03-27 16:48:40] EDIT Cooking/controllers/default.py: 0
[2016-03-27 16:48:46] EDIT Cooking/controllers/default.py: 0
[2016-03-27 16:49:07] EDIT Cooking/controllers/default.py: 0
[2016-03-27 17:06:10] EDIT Cooking/views/default/homepage.html: 0
[2016-03-27 17:06:46] EDIT Cooking/views/default/homepage.html: 0
[2016-03-27 17:07:01] EDIT Cooking/views/default/homepage.html: 0
[2016-03-27 17:08:19] EDIT Cooking/views/default/homepage.html: 3
[2016-03-27 17:13:32] EDIT Cooking/views/default/show.html: 1
[2016-03-27 17:15:16] EDIT Cooking/views/default/show.html: 0
[2016-03-27 17:19:12] EDIT Cooking/views/default/homepage.html: 0
[2016-03-27 17:19:26] EDIT Cooking/views/default/homepage.html: 0
[2016-03-27 17:29:06] EDIT Cooking/controllers/default.py: -5
[2016-03-27 17:29:54] EDIT Cooking/views/default/show.html: 0
[2016-03-27 17:38:57] EDIT Cooking/views/default/show.html: 0
[2016-03-27 17:56:02] EDIT Cooking/views/default/show.html: 0
[2016-03-27 17:56:37] EDIT Cooking/views/default/show.html: 0
[2016-03-27 18:50:26] EDIT Cooking/controllers/default.py: 5
[2016-03-27 18:50:29] EDIT Cooking/controllers/default.py: 0
[2016-03-27 18:50:34] EDIT Cooking/controllers/default.py: 0
[2016-03-27 18:51:12] EDIT Cooking/views/default/myrecipes.html: 0
[2016-03-27 18:53:03] EDIT Cooking/views/default/myrecipes.html: 2
[2016-03-27 18:53:35] EDIT Cooking/views/default/myrecipes.html: 1
[2016-03-27 18:53:48] EDIT Cooking/views/default/myrecipes.html: 0
[2016-03-27 18:54:47] EDIT Cooking/views/default/myrecipes.html: 7
[2016-03-27 18:54:49] EDIT Cooking/views/default/myrecipes.html: 0
[2016-03-27 18:55:00] EDIT Cooking/views/default/myrecipes.html: 0
[2016-03-27 18:56:17] EDIT Cooking/controllers/default.py: 6
[2016-03-27 18:56:55] EDIT Cooking/controllers/default.py: 0
[2016-03-27 18:56:59] EDIT Cooking/controllers/default.py: 0
[2016-03-27 18:57:23] EDIT Cooking/views/default/myrecipes.html: 0
[2016-03-27 18:58:11] EDIT Cooking/views/default/myrecipes.html: 0
[2016-03-27 18:58:56] EDIT Cooking/controllers/default.py: 0
[2016-03-27 18:59:29] EDIT Cooking/controllers/default.py: 1
[2016-03-27 19:00:30] EDIT Cooking/controllers/default.py: 0
[2016-03-27 19:03:33] EDIT Cooking/controllers/default.py: 0
[2016-03-27 19:04:13] EDIT Cooking/controllers/default.py: -1
[2016-03-27 19:05:32] EDIT Cooking/controllers/default.py: -1
[2016-03-27 19:05:40] EDIT Cooking/controllers/default.py: 0
[2016-03-27 19:06:15] EDIT Cooking/views/default/myrecipes.html: 1
[2016-03-27 21:10:14] EDIT Cooking/views/default/myrecipes.html: 0
[2016-03-27 21:11:27] EDIT Cooking/views/default/myrecipes.html: 0
[2016-03-27 21:12:38] EDIT Cooking/views/default/myrecipes.html: -1
[2016-03-27 21:13:23] EDIT Cooking/controllers/default.py: 0
[2016-03-27 21:16:46] EDIT Cooking/models/db.py: 0
[2016-03-27 21:17:47] EDIT Cooking/controllers/default.py: 0
[2016-03-27 21:32:16] EDIT Cooking/views/default/show.html: 6
[2016-03-27 21:33:03] EDIT Cooking/views/default/show.html: 0
[2016-03-27 21:33:29] EDIT Cooking/views/default/show.html: 0
[2016-03-27 21:33:44] EDIT Cooking/views/default/show.html: 0
[2016-03-27 21:33:58] EDIT Cooking/controllers/default.py: 0
[2016-03-27 21:43:26] EDIT Cooking/views/default/show.html: 0
[2016-03-27 21:45:28] EDIT Cooking/controllers/default.py: 0
[2016-03-27 21:45:44] EDIT Cooking/models/db.py: 0
[2016-03-27 21:49:08] EDIT Cooking/models/db.py: 0
[2016-03-27 21:49:32] EDIT Cooking/models/db.py: 0
[2016-03-27 21:52:43] EDIT Cooking/models/db.py: 0
[2016-03-27 21:54:11] EDIT Cooking/models/db.py: 0
[2016-03-27 21:54:24] EDIT Cooking/controllers/default.py: 1
[2016-03-27 21:55:06] EDIT Cooking/models/db.py: 0
[2016-03-27 21:58:05] EDIT Cooking/views/default/myrecipes.html: 4
[2016-03-27 21:59:48] EDIT Cooking/controllers/default.py: 0
[2016-03-27 22:01:01] EDIT Cooking/views/default/myrecipes.html: 0
[2016-03-27 22:01:16] EDIT Cooking/views/default/myrecipes.html: 0
[2016-03-27 22:01:21] EDIT Cooking/views/default/myrecipes.html: 0
[2016-03-27 22:02:17] EDIT Cooking/controllers/default.py: 9
[2016-03-27 22:02:49] EDIT Cooking/controllers/default.py: 0
[2016-03-27 22:03:03] EDIT Cooking/views/default/myrecipes.html: -4
[2016-03-27 22:03:25] EDIT Cooking/views/default/myrecipes.html: 0
[2016-03-27 22:03:59] CREATE default/edit.html: 0
[2016-03-27 22:05:19] EDIT Cooking/views/default/edit.html: 14
[2016-03-27 22:07:14] EDIT Cooking/controllers/default.py: 3
[2016-03-27 22:07:35] EDIT Cooking/controllers/default.py: -1
[2016-03-27 22:10:49] EDIT Cooking/controllers/default.py: 0
[2016-03-27 22:11:47] EDIT Cooking/views/default/myrecipes.html: 1
[2016-03-27 22:12:18] EDIT Cooking/views/default/myrecipes.html: 0
[2016-03-27 22:13:07] EDIT Cooking/models/db.py: 0
[2016-03-27 22:13:39] EDIT Cooking/models/db.py: 0
[2016-03-27 22:14:40] EDIT Cooking/controllers/default.py: 0
[2016-03-27 22:14:51] EDIT Cooking/controllers/default.py: 0
[2016-03-27 22:16:03] EDIT Cooking/controllers/default.py: 0
[2016-03-27 22:16:38] EDIT Cooking/controllers/default.py: 0
[2016-03-27 22:17:38] EDIT Cooking/models/db.py: 0
[2016-03-27 22:18:05] EDIT Cooking/models/db.py: 0
[2016-03-27 22:24:08] EDIT Cooking/models/db.py: 0
[2016-03-27 22:25:14] EDIT Cooking/views/default/myrecipes.html: 4
[2016-03-27 22:27:25] EDIT Cooking/views/default/myrecipes.html: 0
[2016-03-27 22:29:42] EDIT Cooking/controllers/default.py: 2
[2016-03-27 22:30:18] EDIT Cooking/controllers/default.py: -1
[2016-03-27 22:42:09] EDIT Cooking/models/menu.py: 0
[2016-03-27 22:44:48] EDIT Cooking/controllers/default.py: 0
[2016-03-27 22:47:20] EDIT Cooking/controllers/default.py: 0
[2016-03-27 23:07:26] EDIT Cooking/controllers/default.py: 0
[2016-03-27 23:07:45] EDIT Cooking/controllers/default.py: 0
[2016-03-27 23:07:57] EDIT Cooking/controllers/default.py: -1
[2016-03-27 23:08:19] EDIT Cooking/controllers/default.py: 0
[2016-03-27 23:08:33] EDIT Cooking/controllers/default.py: -1
[2016-03-27 23:15:20] EDIT Cooking/controllers/default.py: 2
[2016-03-27 23:15:59] EDIT Cooking/controllers/default.py: 0
[2016-03-27 23:16:46] EDIT Cooking/controllers/default.py: 0
[2016-03-27 23:27:04] EDIT Cooking/models/db.py: 0
[2016-03-27 23:28:11] EDIT Cooking/models/db.py: 0
[2016-03-27 23:28:52] EDIT Cooking/controllers/default.py: 2
[2016-03-27 23:30:05] EDIT Cooking/views/default/index.html: 1
[2016-03-27 23:33:07] EDIT Cooking/views/default/homepage.html: 0
[2016-03-27 23:33:16] EDIT Cooking/views/default/myrecipes.html: 0
[2016-03-27 23:34:41] EDIT Cooking/views/default/myrecipes.html: 5
[2016-03-27 23:35:19] EDIT Cooking/views/default/myrecipes.html: 0
[2016-03-27 23:49:06] EDIT Cooking/views/default/show.html: 0
[2016-03-27 23:49:20] EDIT Cooking/views/default/show.html: 0
[2016-03-27 23:52:32] EDIT Cooking/controllers/default.py: 1
[2016-03-28 23:27:25] EDIT Cooking/controllers/default.py: 0
[2016-03-28 23:39:26] EDIT Cooking/views/default/show.html: 16
[2016-03-28 23:40:18] EDIT Cooking/views/default/show.html: 0
[2016-03-28 23:41:13] EDIT Cooking/views/default/show.html: 0
[2016-03-28 23:41:41] EDIT Cooking/views/default/show.html: 0
[2016-03-28 23:42:28] EDIT Cooking/views/default/show.html: 2
[2016-03-28 23:42:45] EDIT Cooking/views/default/show.html: 1
[2016-03-28 23:44:33] EDIT Cooking/views/default/show.html: 235
[2016-03-28 23:45:09] EDIT Cooking/views/default/show.html: -2
[2016-03-28 23:45:34] EDIT Cooking/views/default/show.html: 0
[2016-03-28 23:46:31] EDIT Cooking/views/default/show.html: 2
[2016-03-28 23:47:06] EDIT Cooking/views/default/show.html: 0
[2016-03-28 23:47:51] EDIT Cooking/views/default/show.html: 0
[2016-03-28 23:48:27] EDIT Cooking/views/default/show.html: 1
[2016-03-28 23:48:37] EDIT Cooking/views/default/show.html: -1
[2016-03-28 23:49:11] EDIT Cooking/views/default/show.html: 0
[2016-03-28 23:52:08] EDIT Cooking/views/default/homepage.html: 0
[2016-03-28 23:53:10] EDIT Cooking/controllers/default.py: 0
[2016-03-28 23:53:42] EDIT Cooking/views/default/homepage.html: 0
[2016-03-28 23:54:14] EDIT Cooking/views/default/homepage.html: 0
[2016-03-28 23:55:11] EDIT Cooking/views/default/homepage.html: 1
[2016-03-28 23:57:22] EDIT Cooking/controllers/default.py: 9
[2016-03-28 23:59:01] EDIT Cooking/views/default/myrecipes.html: 0
[2016-03-28 23:59:50] EDIT Cooking/views/default/myrecipes.html: 0
[2016-03-29 00:00:56] EDIT Cooking/controllers/default.py: 9
[2016-03-29 00:01:38] EDIT Cooking/controllers/default.py: 0
[2016-03-29 00:02:16] EDIT Cooking/views/default/homepage.html: 0
[2016-03-29 00:03:18] EDIT Cooking/controllers/default.py: 0
[2016-03-29 00:03:24] EDIT Cooking/controllers/default.py: 0
[2016-03-29 00:03:49] EDIT Cooking/views/default/homepage.html: -1
[2016-03-29 00:04:05] EDIT Cooking/controllers/default.py: 0
[2016-03-29 00:04:38] EDIT Cooking/controllers/default.py: -4
[2016-03-29 00:04:48] EDIT Cooking/controllers/default.py: -2
[2016-03-29 00:05:32] EDIT Cooking/controllers/default.py: 0
[2016-03-29 00:05:48] EDIT Cooking/controllers/default.py: 0
[2016-03-29 00:05:56] EDIT Cooking/controllers/default.py: 0
[2016-03-29 00:06:30] EDIT Cooking/controllers/default.py: 0
[2016-03-29 00:09:41] EDIT Cooking/controllers/default.py: -6
[2016-03-29 00:10:26] EDIT Cooking/views/default/myrecipes.html: 1
[2016-03-29 00:10:42] EDIT Cooking/views/default/myrecipes.html: 0
[2016-03-29 00:11:52] EDIT Cooking/controllers/default.py: 0
[2016-03-29 00:12:13] EDIT Cooking/controllers/default.py: 0
[2016-03-29 00:13:30] EDIT Cooking/models/db.py: 1
[2016-03-29 00:32:58] EDIT Cooking/controllers/default.py: 1
[2016-03-29 00:33:19] EDIT Cooking/controllers/default.py: 0
[2016-03-29 00:33:33] EDIT Cooking/controllers/default.py: -1
[2016-03-29 00:33:50] EDIT Cooking/controllers/default.py: 0
[2016-03-29 00:43:26] EDIT Cooking/views/default/myrecipes.html: 0
[2016-03-29 00:43:54] EDIT Cooking/views/default/myrecipes.html: 0
[2016-03-29 00:44:11] EDIT Cooking/views/default/myrecipes.html: 1
[2016-03-29 00:44:55] EDIT Cooking/views/default/show.html: -2
[2016-03-29 00:45:02] EDIT Cooking/views/default/show.html: 0
[2016-03-29 00:45:15] EDIT Cooking/views/default/show.html: 0
[2016-03-29 00:49:05] EDIT Cooking/views/default/show.html: 0
[2016-03-29 00:50:46] EDIT Cooking/views/default/show.html: 0
[2016-03-29 00:51:03] EDIT Cooking/views/default/show.html: 0
[2016-03-29 00:51:50] EDIT Cooking/views/default/show.html: 0
[2016-03-29 00:52:46] EDIT Cooking/views/default/show.html: 1
[2016-03-29 00:54:06] EDIT Cooking/views/default/show.html: 0
[2016-03-29 01:01:12] EDIT Cooking/views/default/show.html: 0
[2016-03-29 01:03:23] EDIT Cooking/controllers/default.py: 0
[2016-03-29 01:03:40] EDIT Cooking/controllers/default.py: 0
[2016-03-29 01:03:59] EDIT Cooking/controllers/default.py: 0
[2016-03-29 01:04:31] EDIT Cooking/controllers/default.py: 0
[2016-03-29 01:04:43] EDIT Cooking/controllers/default.py: 0
[2016-03-29 01:05:00] EDIT Cooking/controllers/default.py: -1
[2016-03-29 01:05:17] EDIT Cooking/controllers/default.py: 0
[2016-03-29 01:05:30] EDIT Cooking/views/default/show.html: 0
[2016-03-29 01:05:45] EDIT Cooking/controllers/default.py: 1
[2016-03-29 01:05:57] EDIT Cooking/controllers/default.py: 0
[2016-03-29 01:06:03] EDIT Cooking/controllers/default.py: -1
[2016-03-29 01:06:24] EDIT Cooking/views/default/show.html: -1
[2016-03-29 01:06:45] EDIT Cooking/controllers/default.py: 0
[2016-03-29 01:06:56] EDIT Cooking/controllers/default.py: 0
[2016-03-29 01:07:34] EDIT Cooking/controllers/default.py: -6
[2016-03-29 01:09:01] EDIT Cooking/views/default/homepage.html: 2
[2016-03-29 01:09:46] EDIT Cooking/views/default/myrecipes.html: 2
[2016-03-29 01:10:31] EDIT Cooking/controllers/default.py: 0
[2016-03-29 01:13:26] EDIT Cooking/views/default/index.html: 0
[2016-03-29 01:13:38] EDIT Cooking/views/default/index.html: 0
[2016-03-29 01:19:35] EDIT Cooking/views/default/show.html: 0
[2016-03-29 01:22:18] EDIT Cooking/controllers/default.py: 0
[2016-03-29 01:23:23] EDIT Cooking/views/layout.html: 0
[2016-03-29 01:24:19] EDIT Cooking/models/menu.py: 0
[2016-03-29 01:25:09] EDIT Cooking/views/default/homepage.html: 1
[2016-03-29 01:25:18] EDIT Cooking/views/default/myrecipes.html: 1
[2016-03-29 01:37:18] EDIT Cooking/models/db.py: 4
[2016-03-29 01:37:48] EDIT Cooking/models/db.py: -1
[2016-03-29 01:47:21] EDIT Cooking/models/db.py: 1
[2016-03-29 01:49:42] EDIT Cooking/models/db.py: 0
[2016-03-29 01:54:21] EDIT Cooking/controllers/default.py: 3
[2016-03-29 01:55:36] EDIT Cooking/controllers/default.py: 0
[2016-03-29 01:56:31] EDIT Cooking/controllers/default.py: 3
[2016-03-29 01:57:28] EDIT Cooking/controllers/default.py: 0
[2016-03-29 01:59:39] EDIT Cooking/controllers/default.py: 0
[2016-03-29 01:59:46] EDIT Cooking/controllers/default.py: 0
[2016-03-29 02:01:14] EDIT Cooking/controllers/default.py: 1
[2016-03-29 02:09:30] EDIT Cooking/controllers/default.py: 1
[2016-03-29 02:10:30] EDIT Cooking/controllers/default.py: 0
[2016-03-29 02:11:47] EDIT Cooking/controllers/default.py: -1
[2016-03-29 02:13:03] EDIT Cooking/controllers/default.py: 0
[2016-03-29 02:13:19] EDIT Cooking/controllers/default.py: 0
[2016-03-29 02:13:44] EDIT Cooking/controllers/default.py: 0
[2016-03-29 02:14:24] EDIT Cooking/controllers/default.py: -1
[2016-03-29 02:14:33] EDIT Cooking/controllers/default.py: 2
[2016-03-29 02:16:42] EDIT Cooking/controllers/default.py: 2
[2016-03-29 02:22:08] EDIT Cooking/views/default/show.html: 6
[2016-03-29 02:22:17] EDIT Cooking/views/default/show.html: -2
[2016-03-29 02:32:04] EDIT Cooking/views/default/show.html: 6
[2016-03-29 02:32:44] EDIT Cooking/views/default/show.html: 1
[2016-03-29 02:33:21] EDIT Cooking/views/default/show.html: 0
[2016-03-29 02:33:55] EDIT Cooking/views/default/show.html: 0
[2016-03-29 02:34:08] EDIT Cooking/views/default/show.html: 0
[2016-03-29 02:34:45] EDIT Cooking/views/default/show.html: 0
[2016-03-29 02:48:49] EDIT Cooking/views/default/show.html: 1
[2016-03-29 02:49:11] EDIT Cooking/views/default/show.html: 0
[2016-03-29 02:49:19] EDIT Cooking/views/default/show.html: 0
[2016-03-29 02:50:16] EDIT Cooking/views/default/show.html: 1
[2016-03-29 02:51:25] EDIT Cooking/views/default/show.html: -9
[2016-03-29 02:52:05] EDIT Cooking/views/default/show.html: 0
[2016-03-29 02:52:15] EDIT Cooking/views/default/show.html: 0
[2016-03-29 02:54:41] EDIT Cooking/views/default/show.html: 8
[2016-03-29 02:56:12] EDIT Cooking/views/default/show.html: 0
[2016-03-29 02:58:29] EDIT Cooking/views/default/show.html: 0
[2016-03-29 02:58:49] EDIT Cooking/views/default/show.html: 0
[2016-03-29 02:59:17] EDIT Cooking/views/default/show.html: 0
[2016-03-29 02:59:33] EDIT Cooking/views/default/show.html: 0
[2016-03-29 03:00:06] EDIT Cooking/views/default/show.html: -2
[2016-03-29 03:01:02] EDIT Cooking/views/default/show.html: 0
[2016-03-29 03:01:43] EDIT Cooking/views/default/show.html: 0
[2016-03-29 03:02:25] EDIT Cooking/views/default/show.html: 0
[2016-03-29 03:06:44] EDIT Cooking/controllers/default.py: 1
[2016-03-29 03:07:11] EDIT Cooking/controllers/default.py: 0
[2016-03-29 03:07:42] EDIT Cooking/controllers/default.py: 0
[2016-03-29 03:08:33] EDIT Cooking/views/default/show.html: 3
[2016-03-29 03:09:03] EDIT Cooking/controllers/default.py: 0
[2016-03-29 03:09:28] EDIT Cooking/views/default/show.html: 1
[2016-03-29 14:29:59] EDIT Cooking/views/default/show.html: 0
[2016-03-29 14:30:45] EDIT Cooking/views/default/myrecipes.html: 0
[2016-03-29 14:31:27] EDIT Cooking/controllers/default.py: 1
[2016-03-29 14:32:40] EDIT Cooking/controllers/default.py: 1
[2016-03-29 14:32:47] EDIT Cooking/controllers/default.py: 0
[2016-03-29 14:32:55] EDIT Cooking/controllers/default.py: 0
[2016-03-29 14:33:42] EDIT Cooking/controllers/default.py: 0
[2016-03-29 14:34:08] EDIT Cooking/controllers/default.py: 0
[2016-03-29 14:34:20] EDIT Cooking/controllers/default.py: 0
[2016-03-29 14:35:48] EDIT Cooking/controllers/default.py: -1
[2016-03-29 14:41:52] EDIT Cooking/views/default/show.html: 0
[2016-03-29 14:42:33] EDIT Cooking/views/default/show.html: 0
[2016-03-29 14:43:10] EDIT Cooking/views/default/show.html: -1
[2016-03-29 14:44:28] EDIT Cooking/views/default/show.html: 3
[2016-03-29 14:44:41] EDIT Cooking/views/default/show.html: 3
[2016-03-29 14:45:21] EDIT Cooking/views/default/show.html: 0
[2016-03-29 14:45:43] EDIT Cooking/views/default/show.html: 2
[2016-03-29 14:45:53] EDIT Cooking/views/default/show.html: -2
[2016-03-29 14:46:03] EDIT Cooking/views/default/show.html: 1
[2016-03-29 14:46:14] EDIT Cooking/views/default/show.html: 1
[2016-03-29 14:49:21] EDIT Cooking/views/default/myrecipes.html: 0
[2016-03-29 14:50:09] EDIT Cooking/views/default/myrecipes.html: 0
[2016-03-29 14:50:39] EDIT Cooking/views/default/homepage.html: 0
[2016-03-29 14:54:21] EDIT Cooking/views/default/show.html: 0
[2016-03-29 14:56:57] EDIT Cooking/views/default/show.html: 0
[2016-03-29 14:57:00] EDIT Cooking/views/default/show.html: 0
[2016-03-29 14:58:14] EDIT Cooking/views/default/show.html: 0
[2016-03-29 14:58:38] EDIT Cooking/models/db.py: -1
[2016-03-29 14:59:57] EDIT Cooking/views/default/show.html: -7
[2016-03-29 15:03:18] EDIT Cooking/views/default/index.html: 0
[2016-03-29 15:03:27] EDIT Cooking/views/default/index.html: 0
[2016-03-29 15:03:39] EDIT Cooking/views/default/index.html: 0
[2016-03-29 15:04:04] EDIT Cooking/views/default/index.html: 0
[2016-03-29 15:04:41] EDIT Cooking/views/default/index.html: 0
[2016-03-29 15:04:51] EDIT Cooking/views/default/index.html: 0
[2016-03-29 15:05:01] EDIT Cooking/views/default/index.html: 0
[2016-03-29 15:05:03] EDIT Cooking/views/default/index.html: 0
[2016-03-29 15:13:22] EDIT Cooking/views/default/index.html: 0
[2016-03-29 15:13:54] EDIT Cooking/views/default/index.html: 0
[2016-03-29 15:13:56] EDIT Cooking/views/default/index.html: 0
[2016-03-29 15:14:30] EDIT Cooking/views/default/index.html: 0
[2016-03-29 15:14:45] EDIT Cooking/views/default/index.html: 0
[2016-03-29 15:18:37] EDIT Cooking/controllers/default.py: 0
[2016-03-29 15:19:49] EDIT Cooking/controllers/default.py: 0
[2016-03-29 15:19:58] EDIT Cooking/controllers/default.py: 0
[2016-03-29 15:21:02] EDIT Cooking/controllers/default.py: 1
[2016-03-29 15:22:38] EDIT Cooking/views/default/index.html: 0
[2016-03-29 15:22:53] EDIT Cooking/views/default/index.html: 0
[2016-03-29 15:23:09] EDIT Cooking/views/default/index.html: 0
[2016-03-29 15:24:00] EDIT Cooking/views/default/index.html: 0
[2016-03-29 15:25:19] EDIT Cooking/views/default/index.html: 0
[2016-03-29 15:25:28] EDIT Cooking/views/default/index.html: 0
[2016-03-29 15:27:06] EDIT Cooking/views/default/index.html: 2
[2016-03-29 15:28:27] EDIT Cooking/views/default/index.html: 0
[2016-03-29 15:28:54] EDIT Cooking/views/default/index.html: 0
[2016-03-29 15:29:23] EDIT Cooking/views/default/index.html: 0
[2016-03-29 15:44:44] EDIT Cooking/models/db.py: 1
[2016-03-29 15:46:34] EDIT Cooking/controllers/default.py: 11
[2016-03-29 15:47:24] EDIT Cooking/controllers/default.py: 1
[2016-03-29 15:53:11] EDIT Cooking/views/default/index.html: 0
[2016-03-29 15:53:36] EDIT Cooking/views/default/index.html: 0
[2016-03-29 15:54:00] EDIT Cooking/views/default/index.html: 0
[2016-03-29 15:54:11] EDIT Cooking/views/default/index.html: 0
[2016-03-29 15:55:09] EDIT Cooking/views/default/index.html: 0
[2016-03-29 15:58:07] EDIT Cooking/controllers/default.py: 0
[2016-03-29 15:58:19] EDIT Cooking/controllers/default.py: -1
[2016-03-29 16:13:31] EDIT Cooking/models/db.py: -1
[2016-03-29 16:14:17] EDIT Cooking/models/db.py: 0
[2016-03-29 16:16:25] EDIT Cooking/controllers/default.py: 1
[2016-03-29 16:33:22] EDIT Cooking/views/default/index.html: -33
[2016-03-29 16:33:50] EDIT Cooking/views/default/index.html: 1
[2016-03-29 16:34:19] EDIT Cooking/views/default/index.html: -1
[2016-03-29 16:34:38] EDIT Cooking/views/default/index.html: 0
[2016-03-29 16:35:49] EDIT Cooking/views/default/index.html: 0
[2016-03-29 16:36:35] EDIT Cooking/views/default/index.html: 2
[2016-03-29 16:38:49] EDIT Cooking/controllers/default.py: -8
[2016-03-29 16:39:23] CREATE default/manage.html: 0
[2016-03-29 16:39:27] EDIT Cooking/views/default/manage.html: 0
[2016-03-29 16:40:05] EDIT Cooking/controllers/default.py: 0
[2016-03-29 16:41:47] EDIT Cooking/controllers/default.py: 0
[2016-03-29 16:44:24] EDIT Cooking/views/default/index.html: 45
[2016-03-29 16:58:19] EDIT Cooking/models/db.py: 0
[2016-03-29 16:59:10] EDIT Cooking/models/menu.py: 1
[2016-03-29 17:00:24] EDIT Cooking/models/menu.py: 0
[2016-03-29 17:01:05] EDIT Cooking/models/menu.py: 1
[2016-03-29 17:01:27] EDIT Cooking/models/menu.py: 0
[2016-03-29 17:01:43] EDIT Cooking/models/menu.py: 0
[2016-03-29 17:50:44] EDIT Cooking/models/menu.py: 0
[2016-03-29 17:51:04] EDIT Cooking/models/menu.py: 0
[2016-03-29 17:53:22] EDIT Cooking/models/menu.py: 0
[2016-03-29 17:54:53] EDIT Cooking/views/default/index.html: -16
[2016-03-29 17:55:05] EDIT Cooking/views/default/index.html: -1
[2016-03-29 17:55:34] EDIT Cooking/views/default/index.html: -5
[2016-03-29 17:57:10] EDIT Cooking/views/default/index.html: 6
[2016-03-29 17:57:22] EDIT Cooking/views/default/index.html: -1
[2016-03-29 17:57:32] EDIT Cooking/views/default/index.html: -1
[2016-03-29 17:57:33] EDIT Cooking/views/default/index.html: 0
[2016-03-29 17:59:03] EDIT Cooking/views/default/index.html: -9
[2016-03-29 17:59:43] EDIT Cooking/views/default/index.html: 0
[2016-03-29 18:00:32] EDIT Cooking/views/default/index.html: 0
[2016-03-29 18:00:51] EDIT Cooking/views/default/index.html: 0
[2016-03-29 18:01:09] EDIT Cooking/views/default/index.html: 0
[2016-03-29 18:01:34] EDIT Cooking/views/default/index.html: 0
[2016-03-29 18:31:41] EDIT Cooking/controllers/default.py: 4
[2016-03-29 18:32:03] CREATE default/manageposts.html: 0
[2016-03-29 18:32:12] EDIT Cooking/views/default/manageposts.html: 0
[2016-03-29 18:32:44] EDIT Cooking/models/menu.py: 1
[2016-03-29 18:33:21] EDIT Cooking/models/menu.py: 0
[2016-03-29 18:36:07] CREATE images/fun.jpg: 0
[2016-03-29 18:46:37] EDIT Cooking/controllers/default.py: 0
[2016-03-29 18:48:05] EDIT Cooking/models/menu.py: 0
[2016-03-29 18:48:44] EDIT Cooking/models/menu.py: 0
[2016-03-29 18:58:48] EDIT Cooking/controllers/default.py: 0
[2016-03-29 19:11:02] EDIT Cooking/controllers/default.py: 0
[2016-03-29 19:14:32] EDIT Cooking/views/default/index.html: 0
[2016-03-29 19:16:52] EDIT Cooking/views/default/index.html: 0
[2016-03-29 19:21:45] EDIT Cooking/views/default/show.html: 2
[2016-03-29 19:23:11] EDIT Cooking/models/menu.py: -1
[2016-03-29 19:36:44] EDIT Cooking/controllers/default.py: 0
[2016-03-29 19:38:49] EDIT Cooking/controllers/default.py: 0
[2016-03-29 19:38:56] EDIT Cooking/controllers/default.py: 0
[2016-03-29 19:39:17] EDIT Cooking/controllers/default.py: 0
[2016-03-29 19:42:00] EDIT Cooking/views/default/homepage.html: 0
[2016-03-29 19:42:27] EDIT Cooking/controllers/default.py: 0
[2016-03-29 19:43:50] EDIT Cooking/views/default/homepage.html: 0
[2016-03-29 19:44:40] EDIT Cooking/controllers/default.py: 0
[2016-03-29 19:44:54] EDIT Cooking/views/default/homepage.html: 0
[2016-03-29 19:45:22] EDIT Cooking/controllers/default.py: 0
[2016-03-29 19:45:45] EDIT Cooking/views/default/homepage.html: 0
[2016-03-29 19:45:48] EDIT Cooking/controllers/default.py: 0
[2016-03-29 19:46:31] EDIT Cooking/controllers/default.py: 0
[2016-03-29 19:48:20] EDIT Cooking/views/default/myrecipes.html: 0
[2016-03-29 19:48:28] EDIT Cooking/views/default/myrecipes.html: 0
[2016-03-29 19:48:41] EDIT Cooking/views/default/myrecipes.html: 0
[2016-03-29 19:49:01] EDIT Cooking/views/default/myrecipes.html: 0
[2016-03-29 19:49:09] EDIT Cooking/views/default/myrecipes.html: 0
[2016-03-29 22:58:33] EDIT Cooking/views/default/index.html: 0
[2016-03-29 22:59:05] EDIT Cooking/views/default/index.html: 0
[2016-03-29 22:59:35] EDIT Cooking/views/default/index.html: 0
[2016-03-29 23:00:38] EDIT Cooking/views/default/index.html: 0
[2016-03-29 23:00:40] EDIT Cooking/views/default/index.html: 0
[2016-03-29 23:01:11] EDIT Cooking/views/default/index.html: 0
[2016-03-29 23:15:25] EDIT Cooking/controllers/default.py: -4
[2016-03-29 23:15:40] EDIT Cooking/controllers/default.py: 4
[2016-03-29 23:15:55] EDIT Cooking/views/default/myrecipes.html: 0
[2016-03-29 23:16:32] EDIT Cooking/views/default/myrecipes.html: 0
[2016-03-29 23:16:48] EDIT Cooking/views/default/myrecipes.html: 0
[2016-03-29 23:17:32] EDIT Cooking/views/default/myrecipes.html: 0
[2016-03-29 23:17:49] EDIT Cooking/controllers/default.py: 0
[2016-03-29 23:18:52] EDIT Cooking/views/default/myrecipes.html: 0
[2016-03-29 23:21:11] EDIT Cooking/controllers/default.py: -4
[2016-03-29 23:21:35] EDIT Cooking/controllers/default.py: 0
[2016-03-29 23:24:00] EDIT Cooking/views/default/myrecipes.html: 1
[2016-03-29 23:24:36] EDIT Cooking/views/default/myrecipes.html: 0
[2016-03-29 23:27:19] EDIT Cooking/views/default/myrecipes.html: -1
[2016-03-29 23:28:33] EDIT Cooking/views/default/myrecipes.html: 0
[2016-03-29 23:29:11] EDIT Cooking/controllers/default.py: 4
[2016-03-29 23:31:50] EDIT Cooking/views/default/edit.html: -6
[2016-03-29 23:32:49] EDIT Cooking/views/default/myrecipes.html: 0
[2016-03-29 23:33:30] EDIT Cooking/views/default/myrecipes.html: 0
[2016-03-29 23:33:43] EDIT Cooking/views/default/myrecipes.html: 0
[2016-03-29 23:34:26] EDIT Cooking/views/default/myrecipes.html: 0
[2016-03-29 23:34:47] EDIT Cooking/views/default/myrecipes.html: 0
[2016-03-29 23:35:35] EDIT Cooking/controllers/default.py: 1
[2016-03-29 23:35:59] EDIT Cooking/controllers/default.py: -1
[2016-03-29 23:36:57] EDIT Cooking/views/default/edit.html: 9
[2016-03-29 23:37:33] EDIT Cooking/views/default/edit.html: 0
[2016-03-29 23:37:43] EDIT Cooking/views/default/show.html: 0
[2016-03-29 23:38:35] EDIT Cooking/views/default/index.html: 0
[2016-03-29 23:38:47] EDIT Cooking/views/default/index.html: 0
[2016-03-29 23:40:32] EDIT Cooking/views/default/index.html: 0
[2016-03-29 23:41:00] EDIT Cooking/views/default/index.html: 0
[2016-03-29 23:41:24] EDIT Cooking/views/default/index.html: -2
[2016-03-29 23:41:52] EDIT Cooking/views/default/index.html: 0
[2016-03-29 23:43:07] EDIT Cooking/views/default/index.html: 0
[2016-03-29 23:43:09] EDIT Cooking/views/default/index.html: 0
[2016-03-29 23:44:07] EDIT Cooking/views/default/index.html: 0
[2016-03-29 23:44:28] EDIT Cooking/views/default/index.html: 0
[2016-03-29 23:44:41] EDIT Cooking/views/default/index.html: 0
[2016-03-29 23:46:24] EDIT Cooking/views/default/index.html: 0
[2016-03-29 23:46:27] EDIT Cooking/views/default/index.html: 0
[2016-03-29 23:48:40] EDIT Cooking/views/default/index.html: 6
[2016-03-29 23:48:55] EDIT Cooking/views/default/index.html: 2
[2016-03-29 23:49:37] EDIT Cooking/views/default/index.html: 0
[2016-03-29 23:49:50] EDIT Cooking/views/default/index.html: 0
[2016-03-29 23:50:08] EDIT Cooking/views/default/index.html: 0
[2016-03-29 23:50:29] EDIT Cooking/views/default/index.html: -8
[2016-04-08 19:16:00] EDIT QuestionAnswer/models/db.py: 8
[2016-04-08 19:16:26] EDIT QuestionAnswer/models/db.py: 0
[2016-04-08 19:16:44] EDIT QuestionAnswer/models/db.py: 1
[2016-04-08 19:17:06] EDIT QuestionAnswer/models/db.py: 2
[2016-04-08 19:17:29] EDIT QuestionAnswer/models/db.py: 0
[2016-04-08 19:17:56] EDIT QuestionAnswer/models/db.py: -1
[2016-04-08 19:18:33] EDIT QuestionAnswer/models/db.py: -1
[2016-04-08 19:32:23] EDIT QuestionAnswer/models/db.py: -5
[2016-04-08 19:33:06] EDIT QuestionAnswer/models/db.py: -2
[2016-04-08 19:44:42] EDIT QuestionAnswer/models/db.py: 0
[2016-04-08 19:49:17] EDIT QuestionAnswer/models/db.py: -1
[2016-04-08 19:50:22] EDIT QuestionAnswer/controllers/default.py: 0
[2016-04-08 19:50:38] EDIT QuestionAnswer/controllers/default.py: 0
[2016-04-08 19:55:42] EDIT QuestionAnswer/models/db.py: -1
[2016-04-08 19:55:51] EDIT QuestionAnswer/models/db.py: 0
[2016-04-08 19:59:46] EDIT QuestionAnswer/models/db.py: -1
[2016-04-08 20:00:14] EDIT QuestionAnswer/models/db.py: 0
[2016-04-08 20:01:06] EDIT QuestionAnswer/controllers/default.py: -1
[2016-04-08 20:02:26] EDIT QuestionAnswer/views/default/homepage.html: -2
[2016-04-08 20:02:35] EDIT QuestionAnswer/views/default/homepage.html: -1
[2016-04-08 20:04:11] EDIT QuestionAnswer/views/default/homepage.html: 0
[2016-04-08 20:05:01] EDIT QuestionAnswer/views/default/show.html: 0
[2016-04-08 20:05:34] EDIT QuestionAnswer/views/default/show.html: 0
[2016-04-08 20:05:45] EDIT QuestionAnswer/views/default/show.html: 0
[2016-04-08 20:07:23] EDIT QuestionAnswer/views/default/show.html: 0
[2016-04-08 20:07:35] EDIT QuestionAnswer/views/default/show.html: 0
[2016-04-08 20:07:48] EDIT QuestionAnswer/views/default/show.html: 0
[2016-04-08 20:08:01] EDIT QuestionAnswer/views/default/show.html: 0
[2016-04-08 20:08:52] EDIT QuestionAnswer/controllers/default.py: 0
[2016-04-08 20:14:46] EDIT QuestionAnswer/views/default/show.html: 0
[2016-04-08 20:15:11] EDIT QuestionAnswer/views/default/show.html: 1
[2016-04-08 20:15:53] EDIT QuestionAnswer/controllers/default.py: 0
[2016-04-08 20:16:24] EDIT QuestionAnswer/controllers/default.py: 0
[2016-04-08 20:18:19] EDIT QuestionAnswer/controllers/default.py: 0
[2016-04-08 20:18:44] EDIT QuestionAnswer/controllers/default.py: 0
[2016-04-08 20:19:05] EDIT QuestionAnswer/controllers/default.py: -1
[2016-04-08 20:19:19] EDIT QuestionAnswer/controllers/default.py: 0
[2016-04-08 20:20:53] EDIT QuestionAnswer/views/default/show.html: -15
[2016-04-08 20:22:55] EDIT QuestionAnswer/views/default/show.html: -3
[2016-04-08 20:23:38] EDIT QuestionAnswer/models/db.py: 1
[2016-04-08 20:24:13] EDIT QuestionAnswer/views/default/show.html: 2
[2016-04-08 20:24:29] EDIT QuestionAnswer/views/default/show.html: -1
[2016-04-08 20:25:00] EDIT QuestionAnswer/models/db.py: 1
[2016-04-08 20:26:26] EDIT QuestionAnswer/controllers/default.py: 1
[2016-04-08 20:27:36] EDIT QuestionAnswer/views/default/show.html: -3
[2016-04-08 20:28:47] EDIT QuestionAnswer/views/default/show.html: 0
[2016-04-08 20:28:54] EDIT QuestionAnswer/views/default/show.html: 0
[2016-04-08 20:29:12] EDIT QuestionAnswer/views/default/show.html: -7
[2016-04-08 21:12:09] EDIT QuestionAnswer/views/default/show.html: 0
[2016-04-08 21:13:01] EDIT QuestionAnswer/views/default/uploadpage.html: 0
[2016-04-08 21:13:31] EDIT QuestionAnswer/views/default/myrecipes.html: 0
[2016-04-08 21:14:22] EDIT QuestionAnswer/views/default/myrecipes.html: -3
[2016-04-08 21:15:48] EDIT QuestionAnswer/models/menu.py: 0
[2016-04-08 21:16:13] EDIT QuestionAnswer/controllers/default.py: 0
[2016-04-08 21:17:05] CREATE default/myquestions.html: 0
[2016-04-08 21:17:08] EDIT QuestionAnswer/views/default/myquestions.html: 36
[2016-04-08 21:20:03] EDIT QuestionAnswer/views/default/edit.html: -2
[2016-04-08 21:20:41] EDIT QuestionAnswer/models/menu.py: 0
[2016-04-08 21:20:50] EDIT QuestionAnswer/controllers/default.py: 0
[2016-04-08 21:21:55] EDIT QuestionAnswer/models/menu.py: 0
[2016-04-08 21:22:19] EDIT QuestionAnswer/models/menu.py: 0
[2016-04-08 21:27:21] EDIT QuestionAnswer/views/default/index.html: -1
[2016-04-08 21:35:19] EDIT QuestionAnswer/views/default/index.html: 0
[2016-04-08 23:01:01] EDIT QuestionAnswer/models/db.py: 1
[2016-04-08 23:22:24] EDIT QuestionAnswer/views/default/index.html: 11
[2016-04-08 23:26:06] EDIT QuestionAnswer/views/default/show.html: 45
[2016-04-08 23:32:00] EDIT QuestionAnswer/controllers/default.py: 11
[2016-04-08 23:32:14] EDIT QuestionAnswer/controllers/default.py: -11
[2016-04-08 23:33:12] EDIT QuestionAnswer/views/default/show.html: -45
[2016-04-08 23:33:15] EDIT QuestionAnswer/controllers/default.py: 0
[2016-04-08 23:46:26] EDIT QuestionAnswer/controllers/default.py: 0
[2016-04-08 23:49:24] EDIT QuestionAnswer/controllers/default.py: 0
[2016-04-09 14:38:50] EDIT QuestionAnswer/controllers/default.py: 1
[2016-04-09 14:39:16] EDIT QuestionAnswer/models/db.py: 2
[2016-04-09 14:42:32] EDIT QuestionAnswer/controllers/default.py: 0
[2016-04-09 14:51:22] EDIT QuestionAnswer/controllers/default.py: 2
[2016-04-09 14:52:11] EDIT QuestionAnswer/models/db.py: -1
[2016-04-09 14:53:08] EDIT QuestionAnswer/models/db.py: 1
[2016-04-09 14:54:46] EDIT QuestionAnswer/views/default/homepage.html: 1
[2016-04-09 14:55:00] EDIT QuestionAnswer/views/default/homepage.html: 1
[2016-04-09 14:55:57] EDIT QuestionAnswer/controllers/default.py: 0
[2016-04-09 14:56:21] EDIT QuestionAnswer/views/default/homepage.html: 0
[2016-04-09 14:57:42] EDIT QuestionAnswer/views/default/homepage.html: 0
[2016-04-09 14:57:44] EDIT QuestionAnswer/controllers/default.py: 0
[2016-04-09 14:57:46] EDIT QuestionAnswer/models/db.py: 0
[2016-04-09 15:05:11] EDIT QuestionAnswer/views/default/homepage.html: 4
[2016-04-09 15:05:12] EDIT QuestionAnswer/views/default/homepage.html: 0
[2016-04-09 15:05:34] EDIT QuestionAnswer/views/default/homepage.html: 0
[2016-04-09 15:05:59] EDIT QuestionAnswer/views/default/homepage.html: 1
[2016-04-09 15:06:19] EDIT QuestionAnswer/views/default/homepage.html: -1
[2016-04-09 15:06:24] EDIT QuestionAnswer/views/default/homepage.html: 0
[2016-04-09 15:06:54] EDIT QuestionAnswer/views/default/homepage.html: 0
[2016-04-09 15:07:16] EDIT QuestionAnswer/views/default/homepage.html: 0
[2016-04-09 15:08:42] EDIT QuestionAnswer/controllers/default.py: 0
[2016-04-09 15:15:56] EDIT QuestionAnswer/controllers/default.py: 0
[2016-04-09 16:02:25] EDIT QuestionAnswer/models/menu.py: 1
[2016-04-09 16:03:27] CREATE default/search.html: 0
[2016-04-09 16:11:38] EDIT QuestionAnswer/models/db.py: 1
[2016-04-09 16:11:48] EDIT QuestionAnswer/models/db.py: 0
[2016-04-09 16:12:12] EDIT QuestionAnswer/views/default/search.html: 0
[2016-04-09 16:12:14] EDIT QuestionAnswer/controllers/default.py: 2
[2016-04-09 16:12:21] EDIT QuestionAnswer/controllers/default.py: 0
[2016-04-09 16:12:22] EDIT QuestionAnswer/controllers/default.py: 0
[2016-04-09 16:12:22] EDIT QuestionAnswer/controllers/default.py: 0
[2016-04-09 16:12:22] EDIT QuestionAnswer/controllers/default.py: 0
[2016-04-09 16:12:24] EDIT QuestionAnswer/controllers/default.py: 0
[2016-04-09 16:12:25] EDIT QuestionAnswer/controllers/default.py: 0
[2016-04-09 16:12:40] EDIT QuestionAnswer/controllers/default.py: 1
[2016-04-09 16:14:06] EDIT QuestionAnswer/controllers/default.py: 1
[2016-04-09 16:14:16] EDIT QuestionAnswer/controllers/default.py: 0
[2016-04-09 16:14:33] EDIT QuestionAnswer/views/default/search.html: 1
[2016-04-09 16:18:58] EDIT QuestionAnswer/controllers/default.py: 0
[2016-04-09 16:19:08] EDIT QuestionAnswer/controllers/default.py: 0
[2016-04-09 16:19:09] EDIT QuestionAnswer/controllers/default.py: 0
[2016-04-09 16:19:11] EDIT QuestionAnswer/controllers/default.py: 0
[2016-04-09 16:19:19] EDIT QuestionAnswer/controllers/default.py: 0
[2016-04-09 16:19:24] EDIT QuestionAnswer/controllers/default.py: -1
[2016-04-09 16:19:24] EDIT QuestionAnswer/controllers/default.py: 0
[2016-04-09 16:19:28] EDIT QuestionAnswer/controllers/default.py: -1
[2016-04-09 16:20:35] EDIT QuestionAnswer/controllers/default.py: 2
[2016-04-09 16:21:01] EDIT QuestionAnswer/controllers/default.py: 0
[2016-04-09 16:21:06] EDIT QuestionAnswer/views/default/search.html: -1
[2016-04-09 16:24:23] EDIT QuestionAnswer/controllers/default.py: 2
[2016-04-09 16:24:52] EDIT QuestionAnswer/controllers/default.py: 0
[2016-04-09 16:25:31] EDIT QuestionAnswer/controllers/default.py: 0
[2016-04-09 16:26:24] EDIT QuestionAnswer/controllers/default.py: 1
[2016-04-09 16:26:29] EDIT QuestionAnswer/models/db.py: -1
[2016-04-09 16:28:56] EDIT QuestionAnswer/views/default/search.html: 0
[2016-04-09 16:29:04] EDIT QuestionAnswer/views/default/search.html: 0
[2016-04-09 16:33:27] EDIT QuestionAnswer/views/default/search.html: 0
[2016-04-09 16:33:29] EDIT QuestionAnswer/models/menu.py: 0
[2016-04-09 16:33:33] EDIT QuestionAnswer/controllers/default.py: 0
[2016-04-09 16:33:35] EDIT QuestionAnswer/controllers/default.py: 0
[2016-04-09 16:50:42] EDIT QuestionAnswer/controllers/default.py: 1
[2016-04-09 16:51:57] EDIT QuestionAnswer/controllers/default.py: 0
[2016-04-09 16:52:19] EDIT QuestionAnswer/controllers/default.py: 0
[2016-04-09 16:52:33] EDIT QuestionAnswer/controllers/default.py: 0
[2016-04-09 16:52:52] EDIT QuestionAnswer/controllers/default.py: 0
[2016-04-09 16:57:26] EDIT QuestionAnswer/views/default/search.html: 19
[2016-04-09 16:57:31] EDIT QuestionAnswer/views/default/search.html: 1
[2016-04-09 16:57:35] EDIT QuestionAnswer/views/default/search.html: 0
[2016-04-09 16:57:57] EDIT QuestionAnswer/controllers/default.py: 1
[2016-04-09 16:58:24] EDIT QuestionAnswer/views/default/search.html: 0
[2016-04-09 16:58:24] EDIT QuestionAnswer/views/default/search.html: 0
[2016-04-09 16:58:49] EDIT QuestionAnswer/views/default/search.html: 1
[2016-04-09 18:45:42] EDIT QuestionAnswer/models/db.py: 1
[2016-04-09 18:45:49] EDIT QuestionAnswer/models/db.py: 0
[2016-04-09 18:48:53] EDIT QuestionAnswer/controllers/default.py: 0
[2016-04-09 18:48:59] EDIT QuestionAnswer/controllers/default.py: 0
[2016-04-09 18:52:19] EDIT QuestionAnswer/views/default/show.html: 4
[2016-04-09 18:53:00] EDIT QuestionAnswer/views/default/show.html: 0
[2016-04-09 18:53:30] EDIT QuestionAnswer/views/default/show.html: 0
[2016-04-09 19:19:29] EDIT QuestionAnswer/controllers/default.py: 1
[2016-04-09 19:20:59] EDIT QuestionAnswer/controllers/default.py: 0
[2016-04-09 19:20:59] EDIT QuestionAnswer/controllers/default.py: 0
[2016-04-09 19:21:00] EDIT QuestionAnswer/controllers/default.py: 0
[2016-04-09 19:21:00] EDIT QuestionAnswer/controllers/default.py: 0
[2016-04-09 19:21:00] EDIT QuestionAnswer/controllers/default.py: 0
[2016-04-09 19:21:01] EDIT QuestionAnswer/controllers/default.py: 0
[2016-04-09 19:21:01] EDIT QuestionAnswer/controllers/default.py: 0
[2016-04-09 19:21:03] EDIT QuestionAnswer/controllers/default.py: 0
[2016-04-09 19:21:13] EDIT QuestionAnswer/controllers/default.py: 0
[2016-04-09 19:21:14] EDIT QuestionAnswer/controllers/default.py: 0
[2016-04-09 19:21:53] EDIT QuestionAnswer/controllers/default.py: 0
[2016-04-09 19:22:03] EDIT QuestionAnswer/controllers/default.py: 0
[2016-04-09 19:22:16] EDIT QuestionAnswer/controllers/default.py: 0
[2016-04-09 19:23:26] EDIT QuestionAnswer/controllers/default.py: 1
[2016-04-09 19:24:56] EDIT QuestionAnswer/controllers/default.py: 0
[2016-04-09 19:25:27] EDIT QuestionAnswer/controllers/default.py: 0
[2016-04-09 19:25:50] EDIT QuestionAnswer/controllers/default.py: 1
[2016-04-09 19:26:44] EDIT QuestionAnswer/controllers/default.py: 0
[2016-04-09 19:27:16] EDIT QuestionAnswer/controllers/default.py: 2
[2016-04-09 19:28:00] EDIT QuestionAnswer/controllers/default.py: 0
[2016-04-09 19:28:15] EDIT QuestionAnswer/controllers/default.py: 0
[2016-04-09 19:30:27] EDIT QuestionAnswer/controllers/default.py: 0
[2016-04-09 19:30:42] EDIT QuestionAnswer/controllers/default.py: 0
[2016-04-09 19:46:02] EDIT QuestionAnswer/models/db.py: 1
[2016-04-09 19:46:23] EDIT QuestionAnswer/models/db.py: 0
[2016-04-09 19:46:24] EDIT QuestionAnswer/models/db.py: 0
[2016-04-09 19:46:24] EDIT QuestionAnswer/models/db.py: 0
[2016-04-09 19:46:25] EDIT QuestionAnswer/models/db.py: 0
[2016-04-09 19:46:26] EDIT QuestionAnswer/models/db.py: 0
[2016-04-09 19:46:28] EDIT QuestionAnswer/models/db.py: 0
[2016-04-09 19:46:29] EDIT QuestionAnswer/models/db.py: 0
[2016-04-09 19:46:31] EDIT QuestionAnswer/models/db.py: 0
[2016-04-09 19:46:32] EDIT QuestionAnswer/models/db.py: 0
[2016-04-09 19:46:33] EDIT QuestionAnswer/models/db.py: 0
[2016-04-09 19:46:34] EDIT QuestionAnswer/models/db.py: 0
[2016-04-09 19:51:06] EDIT QuestionAnswer/models/db.py: 1
[2016-04-09 19:52:55] EDIT QuestionAnswer/models/db.py: 0
[2016-04-09 19:59:10] EDIT QuestionAnswer/controllers/default.py: 4
[2016-04-09 19:59:59] EDIT QuestionAnswer/controllers/default.py: 0
[2016-04-09 20:00:44] EDIT QuestionAnswer/controllers/default.py: 0
[2016-04-09 20:01:24] EDIT QuestionAnswer/controllers/default.py: 1
[2016-04-09 20:01:42] EDIT QuestionAnswer/controllers/default.py: 0
[2016-04-09 20:01:44] EDIT QuestionAnswer/controllers/default.py: 0
[2016-04-09 20:05:07] EDIT QuestionAnswer/controllers/default.py: 0
[2016-04-09 20:10:45] EDIT QuestionAnswer/controllers/default.py: 0
[2016-04-09 20:11:27] EDIT QuestionAnswer/controllers/default.py: 0
[2016-04-09 20:12:49] EDIT QuestionAnswer/models/db.py: 0
[2016-04-09 20:17:52] EDIT QuestionAnswer/controllers/default.py: -4
[2016-04-09 20:19:58] EDIT QuestionAnswer/controllers/default.py: -1
